\BOOKMARK [0][-]{chapter.1}{Introduction}{}% 1
\BOOKMARK [1][-]{section.1.1}{Section 1}{chapter.1}% 2
\BOOKMARK [1][-]{section.1.2}{Section 2}{chapter.1}% 3
\BOOKMARK [0][-]{chapter.2}{State of the Art}{}% 4
\BOOKMARK [1][-]{section.2.1}{Data-Intensive Applications}{chapter.2}% 5
\BOOKMARK [2][-]{subsection.2.1.1}{Characteristics}{section.2.1}% 6
\BOOKMARK [2][-]{subsection.2.1.2}{Frameworks}{section.2.1}% 7
\BOOKMARK [3][-]{subsubsection.2.1.2.1}{Apache Hadoop}{subsection.2.1.2}% 8
\BOOKMARK [3][-]{subsubsection.2.1.2.2}{Spark}{subsection.2.1.2}% 9
\BOOKMARK [3][-]{subsubsection.2.1.2.3}{Apache Flink}{subsection.2.1.2}% 10
\BOOKMARK [1][-]{section.2.2}{Privacy Policies in IT}{chapter.2}% 11
\BOOKMARK [2][-]{subsection.2.2.1}{Privacy Policies in DIAs}{section.2.2}% 12
\BOOKMARK [3][-]{subsubsection.2.2.1.1}{View Creation Policies \(VCPs\)}{subsection.2.2.1}% 13
\BOOKMARK [3][-]{subsubsection.2.2.1.2}{Data Subject Eviction Policies \(DSEPs\)}{subsection.2.2.1}% 14
\BOOKMARK [1][-]{section.2.3}{Modeling \046 Metamodeling}{chapter.2}% 15
\BOOKMARK [2][-]{subsection.2.3.1}{Unified Modeling Language \(UML\)}{section.2.3}% 16
\BOOKMARK [3][-]{subsubsection.2.3.1.1}{UML Diagrams}{subsection.2.3.1}% 17
\BOOKMARK [3][-]{subsubsection.2.3.1.2}{UML Frameworks}{subsection.2.3.1}% 18
\BOOKMARK [2][-]{subsection.2.3.2}{Object Constraint Language \(OCL\)}{section.2.3}% 19
\BOOKMARK [2][-]{subsection.2.3.3}{StreamGen}{section.2.3}% 20
\BOOKMARK [3][-]{subsubsection.2.3.3.1}{DIA Generation Process}{subsection.2.3.3}% 21
\BOOKMARK [0][-]{chapter.3}{Requirements and Design}{}% 22
\BOOKMARK [0][-]{chapter.4}{Solution}{}% 23
\BOOKMARK [1][-]{section.4.1}{Privacy Policy Language}{chapter.4}% 24
\BOOKMARK [2][-]{subsection.4.1.1}{PrivacyProtectingStream}{section.4.1}% 25
\BOOKMARK [2][-]{subsection.4.1.2}{PrivacyPolicySources}{section.4.1}% 26
\BOOKMARK [3][-]{subsubsection.4.1.2.1}{PrivacyContextSource}{subsection.4.1.2}% 27
\BOOKMARK [3][-]{subsubsection.4.1.2.2}{PrivacyPolicySource}{subsection.4.1.2}% 28
\BOOKMARK [1][-]{section.4.2}{Privacy Policy Translation}{chapter.4}% 29
\BOOKMARK [2][-]{subsection.4.2.1}{Privacy Policy Codes Structure}{section.4.2}% 30
\BOOKMARK [3][-]{subsubsection.4.2.1.1}{Library Import}{subsection.4.2.1}% 31
\BOOKMARK [3][-]{subsubsection.4.2.1.2}{Privacy Policy Initialization}{subsection.4.2.1}% 32
\BOOKMARK [3][-]{subsubsection.4.2.1.3}{Streams Declaration}{subsection.4.2.1}% 33
\BOOKMARK [1][-]{section.4.3}{DIA Examples}{chapter.4}% 34
\BOOKMARK [2][-]{subsection.4.3.1}{Great Seller DIA}{section.4.3}% 35
\BOOKMARK [2][-]{subsection.4.3.2}{Cool Analyst DIA}{section.4.3}% 36
\BOOKMARK [1][-]{section.4.4}{Project Creation}{chapter.4}% 37
\BOOKMARK [1][-]{section.4.5}{Files Generation}{chapter.4}% 38
\BOOKMARK [2][-]{subsection.4.5.1}{Source Files Generation}{section.4.5}% 39
\BOOKMARK [2][-]{subsection.4.5.2}{Java Codes Generation}{section.4.5}% 40
\BOOKMARK [1][-]{section.4.6}{Requirements}{chapter.4}% 41
\BOOKMARK [0][-]{chapter.5}{Evaluation}{}% 42
\BOOKMARK [0][-]{chapter.6}{Conclusion}{}% 43
