This is pdfTeX, Version 3.14159265-2.6-1.40.18 (TeX Live 2017/Debian) (preloaded format=pdflatex 2020.3.1)  9 JUN 2020 20:38
entering extended mode
 restricted \write18 enabled.
 %&-line parsing enabled.
**./main.tex
(./main.tex
LaTeX2e <2017-04-15>
Babel <3.18> and hyphenation patterns for 84 language(s) loaded.
(/usr/share/texlive/texmf-dist/tex/latex/base/book.cls
Document Class: book 2014/09/29 v1.4h Standard LaTeX document class
(/usr/share/texlive/texmf-dist/tex/latex/base/bk12.clo
File: bk12.clo 2014/09/29 v1.4h Standard LaTeX file (size option)
)
\c@part=\count79
\c@chapter=\count80
\c@section=\count81
\c@subsection=\count82
\c@subsubsection=\count83
\c@paragraph=\count84
\c@subparagraph=\count85
\c@figure=\count86
\c@table=\count87
\abovecaptionskip=\skip41
\belowcaptionskip=\skip42
\bibindent=\dimen102
)
(/usr/share/texlive/texmf-dist/tex/latex/base/inputenc.sty
Package: inputenc 2015/03/17 v1.2c Input encoding file
\inpenc@prehook=\toks14
\inpenc@posthook=\toks15

(/usr/share/texlive/texmf-dist/tex/latex/base/utf8.def
File: utf8.def 2017/01/28 v1.1t UTF-8 support for inputenc
Now handling font encoding OML ...
... no UTF-8 mapping file for font encoding OML
Now handling font encoding T1 ...
... processing UTF-8 mapping file for font encoding T1

(/usr/share/texlive/texmf-dist/tex/latex/base/t1enc.dfu
File: t1enc.dfu 2017/01/28 v1.1t UTF-8 support for inputenc
   defining Unicode char U+00A0 (decimal 160)
   defining Unicode char U+00A1 (decimal 161)
   defining Unicode char U+00A3 (decimal 163)
   defining Unicode char U+00AB (decimal 171)
   defining Unicode char U+00AD (decimal 173)
   defining Unicode char U+00BB (decimal 187)
   defining Unicode char U+00BF (decimal 191)
   defining Unicode char U+00C0 (decimal 192)
   defining Unicode char U+00C1 (decimal 193)
   defining Unicode char U+00C2 (decimal 194)
   defining Unicode char U+00C3 (decimal 195)
   defining Unicode char U+00C4 (decimal 196)
   defining Unicode char U+00C5 (decimal 197)
   defining Unicode char U+00C6 (decimal 198)
   defining Unicode char U+00C7 (decimal 199)
   defining Unicode char U+00C8 (decimal 200)
   defining Unicode char U+00C9 (decimal 201)
   defining Unicode char U+00CA (decimal 202)
   defining Unicode char U+00CB (decimal 203)
   defining Unicode char U+00CC (decimal 204)
   defining Unicode char U+00CD (decimal 205)
   defining Unicode char U+00CE (decimal 206)
   defining Unicode char U+00CF (decimal 207)
   defining Unicode char U+00D0 (decimal 208)
   defining Unicode char U+00D1 (decimal 209)
   defining Unicode char U+00D2 (decimal 210)
   defining Unicode char U+00D3 (decimal 211)
   defining Unicode char U+00D4 (decimal 212)
   defining Unicode char U+00D5 (decimal 213)
   defining Unicode char U+00D6 (decimal 214)
   defining Unicode char U+00D8 (decimal 216)
   defining Unicode char U+00D9 (decimal 217)
   defining Unicode char U+00DA (decimal 218)
   defining Unicode char U+00DB (decimal 219)
   defining Unicode char U+00DC (decimal 220)
   defining Unicode char U+00DD (decimal 221)
   defining Unicode char U+00DE (decimal 222)
   defining Unicode char U+00DF (decimal 223)
   defining Unicode char U+00E0 (decimal 224)
   defining Unicode char U+00E1 (decimal 225)
   defining Unicode char U+00E2 (decimal 226)
   defining Unicode char U+00E3 (decimal 227)
   defining Unicode char U+00E4 (decimal 228)
   defining Unicode char U+00E5 (decimal 229)
   defining Unicode char U+00E6 (decimal 230)
   defining Unicode char U+00E7 (decimal 231)
   defining Unicode char U+00E8 (decimal 232)
   defining Unicode char U+00E9 (decimal 233)
   defining Unicode char U+00EA (decimal 234)
   defining Unicode char U+00EB (decimal 235)
   defining Unicode char U+00EC (decimal 236)
   defining Unicode char U+00ED (decimal 237)
   defining Unicode char U+00EE (decimal 238)
   defining Unicode char U+00EF (decimal 239)
   defining Unicode char U+00F0 (decimal 240)
   defining Unicode char U+00F1 (decimal 241)
   defining Unicode char U+00F2 (decimal 242)
   defining Unicode char U+00F3 (decimal 243)
   defining Unicode char U+00F4 (decimal 244)
   defining Unicode char U+00F5 (decimal 245)
   defining Unicode char U+00F6 (decimal 246)
   defining Unicode char U+00F8 (decimal 248)
   defining Unicode char U+00F9 (decimal 249)
   defining Unicode char U+00FA (decimal 250)
   defining Unicode char U+00FB (decimal 251)
   defining Unicode char U+00FC (decimal 252)
   defining Unicode char U+00FD (decimal 253)
   defining Unicode char U+00FE (decimal 254)
   defining Unicode char U+00FF (decimal 255)
   defining Unicode char U+0100 (decimal 256)
   defining Unicode char U+0101 (decimal 257)
   defining Unicode char U+0102 (decimal 258)
   defining Unicode char U+0103 (decimal 259)
   defining Unicode char U+0104 (decimal 260)
   defining Unicode char U+0105 (decimal 261)
   defining Unicode char U+0106 (decimal 262)
   defining Unicode char U+0107 (decimal 263)
   defining Unicode char U+0108 (decimal 264)
   defining Unicode char U+0109 (decimal 265)
   defining Unicode char U+010A (decimal 266)
   defining Unicode char U+010B (decimal 267)
   defining Unicode char U+010C (decimal 268)
   defining Unicode char U+010D (decimal 269)
   defining Unicode char U+010E (decimal 270)
   defining Unicode char U+010F (decimal 271)
   defining Unicode char U+0110 (decimal 272)
   defining Unicode char U+0111 (decimal 273)
   defining Unicode char U+0112 (decimal 274)
   defining Unicode char U+0113 (decimal 275)
   defining Unicode char U+0114 (decimal 276)
   defining Unicode char U+0115 (decimal 277)
   defining Unicode char U+0116 (decimal 278)
   defining Unicode char U+0117 (decimal 279)
   defining Unicode char U+0118 (decimal 280)
   defining Unicode char U+0119 (decimal 281)
   defining Unicode char U+011A (decimal 282)
   defining Unicode char U+011B (decimal 283)
   defining Unicode char U+011C (decimal 284)
   defining Unicode char U+011D (decimal 285)
   defining Unicode char U+011E (decimal 286)
   defining Unicode char U+011F (decimal 287)
   defining Unicode char U+0120 (decimal 288)
   defining Unicode char U+0121 (decimal 289)
   defining Unicode char U+0122 (decimal 290)
   defining Unicode char U+0123 (decimal 291)
   defining Unicode char U+0124 (decimal 292)
   defining Unicode char U+0125 (decimal 293)
   defining Unicode char U+0128 (decimal 296)
   defining Unicode char U+0129 (decimal 297)
   defining Unicode char U+012A (decimal 298)
   defining Unicode char U+012B (decimal 299)
   defining Unicode char U+012C (decimal 300)
   defining Unicode char U+012D (decimal 301)
   defining Unicode char U+012E (decimal 302)
   defining Unicode char U+012F (decimal 303)
   defining Unicode char U+0130 (decimal 304)
   defining Unicode char U+0131 (decimal 305)
   defining Unicode char U+0132 (decimal 306)
   defining Unicode char U+0133 (decimal 307)
   defining Unicode char U+0134 (decimal 308)
   defining Unicode char U+0135 (decimal 309)
   defining Unicode char U+0136 (decimal 310)
   defining Unicode char U+0137 (decimal 311)
   defining Unicode char U+0139 (decimal 313)
   defining Unicode char U+013A (decimal 314)
   defining Unicode char U+013B (decimal 315)
   defining Unicode char U+013C (decimal 316)
   defining Unicode char U+013D (decimal 317)
   defining Unicode char U+013E (decimal 318)
   defining Unicode char U+0141 (decimal 321)
   defining Unicode char U+0142 (decimal 322)
   defining Unicode char U+0143 (decimal 323)
   defining Unicode char U+0144 (decimal 324)
   defining Unicode char U+0145 (decimal 325)
   defining Unicode char U+0146 (decimal 326)
   defining Unicode char U+0147 (decimal 327)
   defining Unicode char U+0148 (decimal 328)
   defining Unicode char U+014A (decimal 330)
   defining Unicode char U+014B (decimal 331)
   defining Unicode char U+014C (decimal 332)
   defining Unicode char U+014D (decimal 333)
   defining Unicode char U+014E (decimal 334)
   defining Unicode char U+014F (decimal 335)
   defining Unicode char U+0150 (decimal 336)
   defining Unicode char U+0151 (decimal 337)
   defining Unicode char U+0152 (decimal 338)
   defining Unicode char U+0153 (decimal 339)
   defining Unicode char U+0154 (decimal 340)
   defining Unicode char U+0155 (decimal 341)
   defining Unicode char U+0156 (decimal 342)
   defining Unicode char U+0157 (decimal 343)
   defining Unicode char U+0158 (decimal 344)
   defining Unicode char U+0159 (decimal 345)
   defining Unicode char U+015A (decimal 346)
   defining Unicode char U+015B (decimal 347)
   defining Unicode char U+015C (decimal 348)
   defining Unicode char U+015D (decimal 349)
   defining Unicode char U+015E (decimal 350)
   defining Unicode char U+015F (decimal 351)
   defining Unicode char U+0160 (decimal 352)
   defining Unicode char U+0161 (decimal 353)
   defining Unicode char U+0162 (decimal 354)
   defining Unicode char U+0163 (decimal 355)
   defining Unicode char U+0164 (decimal 356)
   defining Unicode char U+0165 (decimal 357)
   defining Unicode char U+0168 (decimal 360)
   defining Unicode char U+0169 (decimal 361)
   defining Unicode char U+016A (decimal 362)
   defining Unicode char U+016B (decimal 363)
   defining Unicode char U+016C (decimal 364)
   defining Unicode char U+016D (decimal 365)
   defining Unicode char U+016E (decimal 366)
   defining Unicode char U+016F (decimal 367)
   defining Unicode char U+0170 (decimal 368)
   defining Unicode char U+0171 (decimal 369)
   defining Unicode char U+0172 (decimal 370)
   defining Unicode char U+0173 (decimal 371)
   defining Unicode char U+0174 (decimal 372)
   defining Unicode char U+0175 (decimal 373)
   defining Unicode char U+0176 (decimal 374)
   defining Unicode char U+0177 (decimal 375)
   defining Unicode char U+0178 (decimal 376)
   defining Unicode char U+0179 (decimal 377)
   defining Unicode char U+017A (decimal 378)
   defining Unicode char U+017B (decimal 379)
   defining Unicode char U+017C (decimal 380)
   defining Unicode char U+017D (decimal 381)
   defining Unicode char U+017E (decimal 382)
   defining Unicode char U+01CD (decimal 461)
   defining Unicode char U+01CE (decimal 462)
   defining Unicode char U+01CF (decimal 463)
   defining Unicode char U+01D0 (decimal 464)
   defining Unicode char U+01D1 (decimal 465)
   defining Unicode char U+01D2 (decimal 466)
   defining Unicode char U+01D3 (decimal 467)
   defining Unicode char U+01D4 (decimal 468)
   defining Unicode char U+01E2 (decimal 482)
   defining Unicode char U+01E3 (decimal 483)
   defining Unicode char U+01E6 (decimal 486)
   defining Unicode char U+01E7 (decimal 487)
   defining Unicode char U+01E8 (decimal 488)
   defining Unicode char U+01E9 (decimal 489)
   defining Unicode char U+01EA (decimal 490)
   defining Unicode char U+01EB (decimal 491)
   defining Unicode char U+01F0 (decimal 496)
   defining Unicode char U+01F4 (decimal 500)
   defining Unicode char U+01F5 (decimal 501)
   defining Unicode char U+0218 (decimal 536)
   defining Unicode char U+0219 (decimal 537)
   defining Unicode char U+021A (decimal 538)
   defining Unicode char U+021B (decimal 539)
   defining Unicode char U+0232 (decimal 562)
   defining Unicode char U+0233 (decimal 563)
   defining Unicode char U+1E02 (decimal 7682)
   defining Unicode char U+1E03 (decimal 7683)
   defining Unicode char U+200C (decimal 8204)
   defining Unicode char U+2010 (decimal 8208)
   defining Unicode char U+2011 (decimal 8209)
   defining Unicode char U+2012 (decimal 8210)
   defining Unicode char U+2013 (decimal 8211)
   defining Unicode char U+2014 (decimal 8212)
   defining Unicode char U+2015 (decimal 8213)
   defining Unicode char U+2018 (decimal 8216)
   defining Unicode char U+2019 (decimal 8217)
   defining Unicode char U+201A (decimal 8218)
   defining Unicode char U+201C (decimal 8220)
   defining Unicode char U+201D (decimal 8221)
   defining Unicode char U+201E (decimal 8222)
   defining Unicode char U+2030 (decimal 8240)
   defining Unicode char U+2031 (decimal 8241)
   defining Unicode char U+2039 (decimal 8249)
   defining Unicode char U+203A (decimal 8250)
   defining Unicode char U+2423 (decimal 9251)
   defining Unicode char U+1E20 (decimal 7712)
   defining Unicode char U+1E21 (decimal 7713)
)
Now handling font encoding OT1 ...
... processing UTF-8 mapping file for font encoding OT1

(/usr/share/texlive/texmf-dist/tex/latex/base/ot1enc.dfu
File: ot1enc.dfu 2017/01/28 v1.1t UTF-8 support for inputenc
   defining Unicode char U+00A0 (decimal 160)
   defining Unicode char U+00A1 (decimal 161)
   defining Unicode char U+00A3 (decimal 163)
   defining Unicode char U+00AD (decimal 173)
   defining Unicode char U+00B8 (decimal 184)
   defining Unicode char U+00BF (decimal 191)
   defining Unicode char U+00C5 (decimal 197)
   defining Unicode char U+00C6 (decimal 198)
   defining Unicode char U+00D8 (decimal 216)
   defining Unicode char U+00DF (decimal 223)
   defining Unicode char U+00E6 (decimal 230)
   defining Unicode char U+00EC (decimal 236)
   defining Unicode char U+00ED (decimal 237)
   defining Unicode char U+00EE (decimal 238)
   defining Unicode char U+00EF (decimal 239)
   defining Unicode char U+00F8 (decimal 248)
   defining Unicode char U+0131 (decimal 305)
   defining Unicode char U+0141 (decimal 321)
   defining Unicode char U+0142 (decimal 322)
   defining Unicode char U+0152 (decimal 338)
   defining Unicode char U+0153 (decimal 339)
   defining Unicode char U+0174 (decimal 372)
   defining Unicode char U+0175 (decimal 373)
   defining Unicode char U+0176 (decimal 374)
   defining Unicode char U+0177 (decimal 375)
   defining Unicode char U+0218 (decimal 536)
   defining Unicode char U+0219 (decimal 537)
   defining Unicode char U+021A (decimal 538)
   defining Unicode char U+021B (decimal 539)
   defining Unicode char U+2013 (decimal 8211)
   defining Unicode char U+2014 (decimal 8212)
   defining Unicode char U+2018 (decimal 8216)
   defining Unicode char U+2019 (decimal 8217)
   defining Unicode char U+201C (decimal 8220)
   defining Unicode char U+201D (decimal 8221)
)
Now handling font encoding OMS ...
... processing UTF-8 mapping file for font encoding OMS

(/usr/share/texlive/texmf-dist/tex/latex/base/omsenc.dfu
File: omsenc.dfu 2017/01/28 v1.1t UTF-8 support for inputenc
   defining Unicode char U+00A7 (decimal 167)
   defining Unicode char U+00B6 (decimal 182)
   defining Unicode char U+00B7 (decimal 183)
   defining Unicode char U+2020 (decimal 8224)
   defining Unicode char U+2021 (decimal 8225)
   defining Unicode char U+2022 (decimal 8226)
)
Now handling font encoding OMX ...
... no UTF-8 mapping file for font encoding OMX
Now handling font encoding U ...
... no UTF-8 mapping file for font encoding U
   defining Unicode char U+00A9 (decimal 169)
   defining Unicode char U+00AA (decimal 170)
   defining Unicode char U+00AE (decimal 174)
   defining Unicode char U+00BA (decimal 186)
   defining Unicode char U+02C6 (decimal 710)
   defining Unicode char U+02DC (decimal 732)
   defining Unicode char U+200C (decimal 8204)
   defining Unicode char U+2026 (decimal 8230)
   defining Unicode char U+2122 (decimal 8482)
   defining Unicode char U+2423 (decimal 9251)
))
(/usr/share/texlive/texmf-dist/tex/latex/graphics/graphicx.sty
Package: graphicx 2017/06/01 v1.1a Enhanced LaTeX Graphics (DPC,SPQR)

(/usr/share/texlive/texmf-dist/tex/latex/graphics/keyval.sty
Package: keyval 2014/10/28 v1.15 key=value parser (DPC)
\KV@toks@=\toks16
)
(/usr/share/texlive/texmf-dist/tex/latex/graphics/graphics.sty
Package: graphics 2017/06/25 v1.2c Standard LaTeX Graphics (DPC,SPQR)

(/usr/share/texlive/texmf-dist/tex/latex/graphics/trig.sty
Package: trig 2016/01/03 v1.10 sin cos tan (DPC)
)
(/usr/share/texlive/texmf-dist/tex/latex/graphics-cfg/graphics.cfg
File: graphics.cfg 2016/06/04 v1.11 sample graphics configuration
)
Package graphics Info: Driver file: pdftex.def on input line 99.

(/usr/share/texlive/texmf-dist/tex/latex/graphics-def/pdftex.def
File: pdftex.def 2018/01/08 v1.0l Graphics/color driver for pdftex
))
\Gin@req@height=\dimen103
\Gin@req@width=\dimen104
)
(/usr/share/texlive/texmf-dist/tex/latex/geometry/geometry.sty
Package: geometry 2010/09/12 v5.6 Page Geometry

(/usr/share/texlive/texmf-dist/tex/generic/oberdiek/ifpdf.sty
Package: ifpdf 2017/03/15 v3.2 Provides the ifpdf switch
)
(/usr/share/texlive/texmf-dist/tex/generic/oberdiek/ifvtex.sty
Package: ifvtex 2016/05/16 v1.6 Detect VTeX and its facilities (HO)
Package ifvtex Info: VTeX not detected.
)
(/usr/share/texlive/texmf-dist/tex/generic/ifxetex/ifxetex.sty
Package: ifxetex 2010/09/12 v0.6 Provides ifxetex conditional
)
\Gm@cnth=\count88
\Gm@cntv=\count89
\c@Gm@tempcnt=\count90
\Gm@bindingoffset=\dimen105
\Gm@wd@mp=\dimen106
\Gm@odd@mp=\dimen107
\Gm@even@mp=\dimen108
\Gm@layoutwidth=\dimen109
\Gm@layoutheight=\dimen110
\Gm@layouthoffset=\dimen111
\Gm@layoutvoffset=\dimen112
\Gm@dimlist=\toks17
)
(/usr/share/texlive/texmf-dist/tex/latex/fancyhdr/fancyhdr.sty
Package: fancyhdr 2017/06/30 v3.9a Extensive control of page headers and footer
s
\f@nch@headwidth=\skip43
\f@nch@O@elh=\skip44
\f@nch@O@erh=\skip45
\f@nch@O@olh=\skip46
\f@nch@O@orh=\skip47
\f@nch@O@elf=\skip48
\f@nch@O@erf=\skip49
\f@nch@O@olf=\skip50
\f@nch@O@orf=\skip51
)
(/usr/share/texlive/texmf-dist/tex/latex/hyperref/hyperref.sty
Package: hyperref 2018/02/06 v6.86b Hypertext links for LaTeX

(/usr/share/texlive/texmf-dist/tex/generic/oberdiek/hobsub-hyperref.sty
Package: hobsub-hyperref 2016/05/16 v1.14 Bundle oberdiek, subset hyperref (HO)


(/usr/share/texlive/texmf-dist/tex/generic/oberdiek/hobsub-generic.sty
Package: hobsub-generic 2016/05/16 v1.14 Bundle oberdiek, subset generic (HO)
Package: hobsub 2016/05/16 v1.14 Construct package bundles (HO)
Package: infwarerr 2016/05/16 v1.4 Providing info/warning/error messages (HO)
Package: ltxcmds 2016/05/16 v1.23 LaTeX kernel commands for general use (HO)
Package: ifluatex 2016/05/16 v1.4 Provides the ifluatex switch (HO)
Package ifluatex Info: LuaTeX not detected.
Package hobsub Info: Skipping package `ifvtex' (already loaded).
Package: intcalc 2016/05/16 v1.2 Expandable calculations with integers (HO)
Package hobsub Info: Skipping package `ifpdf' (already loaded).
Package: etexcmds 2016/05/16 v1.6 Avoid name clashes with e-TeX commands (HO)
Package etexcmds Info: Could not find \expanded.
(etexcmds)             That can mean that you are not using pdfTeX 1.50 or
(etexcmds)             that some package has redefined \expanded.
(etexcmds)             In the latter case, load this package earlier.
Package: kvsetkeys 2016/05/16 v1.17 Key value parser (HO)
Package: kvdefinekeys 2016/05/16 v1.4 Define keys (HO)
Package: pdftexcmds 2018/01/21 v0.26 Utility functions of pdfTeX for LuaTeX (HO
)
Package pdftexcmds Info: LuaTeX not detected.
Package pdftexcmds Info: \pdf@primitive is available.
Package pdftexcmds Info: \pdf@ifprimitive is available.
Package pdftexcmds Info: \pdfdraftmode found.
Package: pdfescape 2016/05/16 v1.14 Implements pdfTeX's escape features (HO)
Package: bigintcalc 2016/05/16 v1.4 Expandable calculations on big integers (HO
)
Package: bitset 2016/05/16 v1.2 Handle bit-vector datatype (HO)
Package: uniquecounter 2016/05/16 v1.3 Provide unlimited unique counter (HO)
)
Package hobsub Info: Skipping package `hobsub' (already loaded).
Package: letltxmacro 2016/05/16 v1.5 Let assignment for LaTeX macros (HO)
Package: hopatch 2016/05/16 v1.3 Wrapper for package hooks (HO)
Package: xcolor-patch 2016/05/16 xcolor patch
Package: atveryend 2016/05/16 v1.9 Hooks at the very end of document (HO)
Package atveryend Info: \enddocument detected (standard20110627).
Package: atbegshi 2016/06/09 v1.18 At begin shipout hook (HO)
Package: refcount 2016/05/16 v3.5 Data extraction from label references (HO)
Package: hycolor 2016/05/16 v1.8 Color options for hyperref/bookmark (HO)
)
(/usr/share/texlive/texmf-dist/tex/latex/oberdiek/auxhook.sty
Package: auxhook 2016/05/16 v1.4 Hooks for auxiliary files (HO)
)
(/usr/share/texlive/texmf-dist/tex/latex/oberdiek/kvoptions.sty
Package: kvoptions 2016/05/16 v3.12 Key value format for package options (HO)
)
\@linkdim=\dimen113
\Hy@linkcounter=\count91
\Hy@pagecounter=\count92

(/usr/share/texlive/texmf-dist/tex/latex/hyperref/pd1enc.def
File: pd1enc.def 2018/02/06 v6.86b Hyperref: PDFDocEncoding definition (HO)
Now handling font encoding PD1 ...
... no UTF-8 mapping file for font encoding PD1
)
\Hy@SavedSpaceFactor=\count93

(/usr/share/texlive/texmf-dist/tex/latex/latexconfig/hyperref.cfg
File: hyperref.cfg 2002/06/06 v1.2 hyperref configuration of TeXLive
)
Package hyperref Info: Hyper figures OFF on input line 4509.
Package hyperref Info: Link nesting OFF on input line 4514.
Package hyperref Info: Hyper index ON on input line 4517.
Package hyperref Info: Plain pages OFF on input line 4524.
Package hyperref Info: Backreferencing OFF on input line 4529.
Package hyperref Info: Implicit mode ON; LaTeX internals redefined.
Package hyperref Info: Bookmarks ON on input line 4762.
\c@Hy@tempcnt=\count94

(/usr/share/texlive/texmf-dist/tex/latex/url/url.sty
\Urlmuskip=\muskip10
Package: url 2013/09/16  ver 3.4  Verb mode for urls, etc.
)
LaTeX Info: Redefining \url on input line 5115.
\XeTeXLinkMargin=\dimen114
\Fld@menulength=\count95
\Field@Width=\dimen115
\Fld@charsize=\dimen116
Package hyperref Info: Hyper figures OFF on input line 6369.
Package hyperref Info: Link nesting OFF on input line 6374.
Package hyperref Info: Hyper index ON on input line 6377.
Package hyperref Info: backreferencing OFF on input line 6384.
Package hyperref Info: Link coloring OFF on input line 6389.
Package hyperref Info: Link coloring with OCG OFF on input line 6394.
Package hyperref Info: PDF/A mode OFF on input line 6399.
LaTeX Info: Redefining \ref on input line 6439.
LaTeX Info: Redefining \pageref on input line 6443.
\Hy@abspage=\count96
\c@Item=\count97
\c@Hfootnote=\count98
)
Package hyperref Info: Driver (autodetected): hpdftex.

(/usr/share/texlive/texmf-dist/tex/latex/hyperref/hpdftex.def
File: hpdftex.def 2018/02/06 v6.86b Hyperref driver for pdfTeX
\Fld@listcount=\count99
\c@bookmark@seq@number=\count100

(/usr/share/texlive/texmf-dist/tex/latex/oberdiek/rerunfilecheck.sty
Package: rerunfilecheck 2016/05/16 v1.8 Rerun checks for auxiliary files (HO)
Package uniquecounter Info: New unique counter `rerunfilecheck' on input line 2
82.
)
\Hy@SectionHShift=\skip52
)
(/usr/share/texlive/texmf-dist/tex/latex/eurosym/eurosym.sty
Package: eurosym 1998/08/06 v1.1 European currency symbol ``Euro''
\@eurobox=\box26
)
(/usr/share/texlive/texmf-dist/tex/latex/appendix/appendix.sty
Package: appendix 2009/09/02 v1.2b extra appendix facilities
\c@@pps=\count101
\c@@ppsavesec=\count102
\c@@ppsaveapp=\count103
)
(/usr/share/texlive/texmf-dist/tex/latex/listings/listings.sty
\lst@mode=\count104
\lst@gtempboxa=\box27
\lst@token=\toks18
\lst@length=\count105
\lst@currlwidth=\dimen117
\lst@column=\count106
\lst@pos=\count107
\lst@lostspace=\dimen118
\lst@width=\dimen119
\lst@newlines=\count108
\lst@lineno=\count109
\lst@maxwidth=\dimen120

(/usr/share/texlive/texmf-dist/tex/latex/listings/lstmisc.sty
File: lstmisc.sty 2015/06/04 1.6 (Carsten Heinz)
\c@lstnumber=\count110
\lst@skipnumbers=\count111
\lst@framebox=\box28
)
(/usr/share/texlive/texmf-dist/tex/latex/listings/listings.cfg
File: listings.cfg 2015/06/04 1.6 listings configuration
))
Package: listings 2015/06/04 1.6 (Carsten Heinz)
 (./main.aux)
\openout1 = `main.aux'.

LaTeX Font Info:    Checking defaults for OML/cmm/m/it on input line 37.
LaTeX Font Info:    ... okay on input line 37.
LaTeX Font Info:    Checking defaults for T1/cmr/m/n on input line 37.
LaTeX Font Info:    ... okay on input line 37.
LaTeX Font Info:    Checking defaults for OT1/cmr/m/n on input line 37.
LaTeX Font Info:    ... okay on input line 37.
LaTeX Font Info:    Checking defaults for OMS/cmsy/m/n on input line 37.
LaTeX Font Info:    ... okay on input line 37.
LaTeX Font Info:    Checking defaults for OMX/cmex/m/n on input line 37.
LaTeX Font Info:    ... okay on input line 37.
LaTeX Font Info:    Checking defaults for U/cmr/m/n on input line 37.
LaTeX Font Info:    ... okay on input line 37.
LaTeX Font Info:    Checking defaults for PD1/pdf/m/n on input line 37.
LaTeX Font Info:    ... okay on input line 37.

(/usr/share/texlive/texmf-dist/tex/context/base/mkii/supp-pdf.mkii
[Loading MPS to PDF converter (version 2006.09.02).]
\scratchcounter=\count112
\scratchdimen=\dimen121
\scratchbox=\box29
\nofMPsegments=\count113
\nofMParguments=\count114
\everyMPshowfont=\toks19
\MPscratchCnt=\count115
\MPscratchDim=\dimen122
\MPnumerator=\count116
\makeMPintoPDFobject=\count117
\everyMPtoPDFconversion=\toks20
) (/usr/share/texlive/texmf-dist/tex/latex/oberdiek/epstopdf-base.sty
Package: epstopdf-base 2016/05/15 v2.6 Base part for package epstopdf

(/usr/share/texlive/texmf-dist/tex/latex/oberdiek/grfext.sty
Package: grfext 2016/05/16 v1.2 Manage graphics extensions (HO)
)
Package epstopdf-base Info: Redefining graphics rule for `.eps' on input line 4
38.
Package grfext Info: Graphics extension search list:
(grfext)             [.pdf,.png,.jpg,.mps,.jpeg,.jbig2,.jb2,.PDF,.PNG,.JPG,.JPE
G,.JBIG2,.JB2,.eps]
(grfext)             \AppendGraphicsExtensions on input line 456.

(/usr/share/texlive/texmf-dist/tex/latex/latexconfig/epstopdf-sys.cfg
File: epstopdf-sys.cfg 2010/07/13 v1.3 Configuration of (r)epstopdf for TeX Liv
e
))
*geometry* driver: auto-detecting
*geometry* detected driver: pdftex
*geometry* verbose mode - [ preamble ] result:
* driver: pdftex
* paper: a4paper
* layout: <same size as paper>
* layoutoffset:(h,v)=(0.0pt,0.0pt)
* bindingoffset: 17.07164pt
* modes: twoside 
* h-part:(L,W,R)=(61.45795pt, 426.79134pt, 92.18695pt)
* v-part:(T,H,B)=(71.13188pt, 702.78308pt, 71.13188pt)
* \paperwidth=597.50787pt
* \paperheight=845.04684pt
* \textwidth=426.79134pt
* \textheight=702.78308pt
* \oddsidemargin=6.2596pt
* \evensidemargin=19.91696pt
* \topmargin=-33.0119pt
* \headheight=12.0pt
* \headsep=19.8738pt
* \topskip=12.0pt
* \footskip=30.0pt
* \marginparwidth=98.0pt
* \marginparsep=7.0pt
* \columnsep=10.0pt
* \skip\footins=10.8pt plus 4.0pt minus 2.0pt
* \hoffset=0.0pt
* \voffset=0.0pt
* \mag=1000
* \@twocolumnfalse
* \@twosidetrue
* \@mparswitchtrue
* \@reversemarginfalse
* (1in=72.27pt=25.4mm, 1cm=28.453pt)

\AtBeginShipoutBox=\box30
Package hyperref Info: Link coloring OFF on input line 37.
(/usr/share/texlive/texmf-dist/tex/latex/hyperref/nameref.sty
Package: nameref 2016/05/21 v2.44 Cross-referencing by name of section

(/usr/share/texlive/texmf-dist/tex/generic/oberdiek/gettitlestring.sty
Package: gettitlestring 2016/05/16 v1.5 Cleanup title references (HO)
)
\c@section@level=\count118
)
LaTeX Info: Redefining \ref on input line 37.
LaTeX Info: Redefining \pageref on input line 37.
LaTeX Info: Redefining \nameref on input line 37.

(./main.out) (./main.out)
\@outlinefile=\write3
\openout3 = `main.out'.

\c@lstlisting=\count119
<images/university.png, id=257, 180.675pt x 180.675pt>
File: images/university.png Graphic file (type png)
<use images/university.png>
Package pdftex.def Info: images/university.png  used on input line 40.
(pdftex.def)             Requested size: 85.35835pt x 113.81206pt.
LaTeX Font Info:    External font `cmex10' loaded for size
(Font)              <14.4> on input line 40.
LaTeX Font Info:    External font `cmex10' loaded for size
(Font)              <7> on input line 40.
 [1


{/var/lib/texmf/fonts/map/pdftex/updmap/pdftex.map} <./images/university.png>]

Package Fancyhdr Warning: \headheight is too small (12.0pt): 
 Make it at least 14.49998pt.
 We now make it that large for the rest of the document.
 This may cause the page layout to be inconsistent, however.

[2

] [3] [4

] [5] [6

] [7] [8

] [9] [10

] (./main.toc
LaTeX Font Info:    External font `cmex10' loaded for size
(Font)              <12> on input line 2.
LaTeX Font Info:    External font `cmex10' loaded for size
(Font)              <8> on input line 2.
LaTeX Font Info:    External font `cmex10' loaded for size
(Font)              <6> on input line 2.
 [11])
\tf@toc=\write4
\openout4 = `main.toc'.

 [12] (./main.lot)
\tf@lot=\write5
\openout5 = `main.lot'.


[13

] [14

] (./main.lof [15])
\tf@lof=\write6
\openout6 = `main.lof'.

 (./chapters/introduction.tex [16]
Chapter 1.
) (./chapters/chapter2.tex [17

] [18

]
Chapter 2.
[19]
Underfull \vbox (badness 1460) has occurred while \output is active []

 [20]
<images/./chapter2/scalability.png, id=558, 413.545pt x 246.9225pt>
File: images/./chapter2/scalability.png Graphic file (type png)
<use images/./chapter2/scalability.png>
Package pdftex.def Info: images/./chapter2/scalability.png  used on input line 
42.
(pdftex.def)             Requested size: 206.77199pt x 123.46094pt.

[21 <./images/./chapter2/scalability.png>]
LaTeX Font Info:    Try loading font information for OMS+cmr on input line 60.

(/usr/share/texlive/texmf-dist/tex/latex/base/omscmr.fd
File: omscmr.fd 2014/09/29 v2.5h Standard LaTeX font definitions
)
LaTeX Font Info:    Font shape `OMS/cmr/m/n' in size <12> not available
(Font)              Font shape `OMS/cmsy/m/n' tried instead on input line 60.
 [22] [23] [24]
[25] [26] [27] [28] [29]
<images/./chapter2/compModelMethod.png, id=647, 1044.90375pt x 545.03625pt>
File: images/./chapter2/compModelMethod.png Graphic file (type png)
<use images/./chapter2/compModelMethod.png>
Package pdftex.def Info: images/./chapter2/compModelMethod.png  used on input l
ine 291.
(pdftex.def)             Requested size: 313.47354pt x 163.51213pt.

Underfull \vbox (badness 7273) has occurred while \output is active []

 [30 <./images/./chapter2/compModelMethod.png>]
<images/./chapter2/umlMetamodel.png, id=657, 1095.09125pt x 482.80376pt>
File: images/./chapter2/umlMetamodel.png Graphic file (type png)
<use images/./chapter2/umlMetamodel.png>
Package pdftex.def Info: images/./chapter2/umlMetamodel.png  used on input line
 310.
(pdftex.def)             Requested size: 328.5299pt x 144.84224pt.
 [31 <./images/./chapter2/umlMetamodel.png>] [32]
Overfull \hbox (4.1028pt too wide) in paragraph at lines 362--363
[]\OT1/cmr/m/n/12 To pro-vide a platform-independent and graph-i-cal mod-el-ing
 lan-guage for stream-
 []

[33] [34]
Overfull \hbox (4.39447pt too wide) in paragraph at lines 448--449
[]\OT1/cmr/m/n/12 Regarding to the sec-ond chal-lenge, cod-ing data-intensive a
p-pli-ca-tions from scratch
 []

) (./chapters/chapter3.tex [35] [36

]
Chapter 3.
[37]
<images/./chapter3/greatSellerApp.png, id=703, 502.87875pt x 231.86626pt>
File: images/./chapter3/greatSellerApp.png Graphic file (type png)
<use images/./chapter3/greatSellerApp.png>
Package pdftex.def Info: images/./chapter3/greatSellerApp.png  used on input li
ne 18.
(pdftex.def)             Requested size: 150.86478pt x 69.56041pt.
 [38 <./images/./chapter3/greatSellerApp.png>]
<images/./chapter3/greatSellerPriv.png, id=714, 653.44125pt x 330.23375pt>
File: images/./chapter3/greatSellerPriv.png Graphic file (type png)
<use images/./chapter3/greatSellerPriv.png>
Package pdftex.def Info: images/./chapter3/greatSellerPriv.png  used on input l
ine 43.
(pdftex.def)             Requested size: 196.03387pt x 99.07088pt.

Overfull \hbox (26.14389pt too wide) in paragraph at lines 48--49
\OT1/cmr/m/n/12 tion are up-loaded in two GitHub repos-i-to-ries ([]$\OT1/cmtt/
m/n/12 https : / / github . com / MicheleGuerriero /
 []


Overfull \hbox (49.6839pt too wide) in paragraph at lines 48--49
\OT1/cmtt/m/n/12 dataflow-[]privacy-[]library / tree / master / src / main / ja
va / it / deib / polimi / diaprivacy /
 []


Overfull \hbox (4.91139pt too wide) in paragraph at lines 48--49
\OT1/cmtt/m/n/12 library$[] \OT1/cmr/m/n/12 and []$\OT1/cmtt/m/n/12 https : / /
 github . com / MicheleGuerriero / common / tree / master / src /
 []

[39 <./images/./chapter3/greatSellerPriv.png>]) (./chapters/chapter4.tex
[40]
Chapter 4.
[41

]
<images/./chapter4/umlProfile/PrivacyProtectingStreamUMLProfile.png, id=741, 15
1.56625pt x 342.27875pt>
File: images/./chapter4/umlProfile/PrivacyProtectingStreamUMLProfile.png Graphi
c file (type png)
<use images/./chapter4/umlProfile/PrivacyProtectingStreamUMLProfile.png>
Package pdftex.def Info: images/./chapter4/umlProfile/PrivacyProtectingStreamUM
LProfile.png  used on input line 18.
(pdftex.def)             Requested size: 75.78293pt x 171.13895pt.


LaTeX Warning: `!h' float specifier changed to `!ht'.


LaTeX Warning: `!h' float specifier changed to `!ht'.

[42 <./images/./chapter4/umlProfile/PrivacyProtectingStreamUMLProfile.png>]
[43]
<images/./chapter4/umlProfile/PrivacyPolicyPackageUMLProfile.png, id=758, 126.4
725pt x 201.75375pt>
File: images/./chapter4/umlProfile/PrivacyPolicyPackageUMLProfile.png Graphic f
ile (type png)
<use images/./chapter4/umlProfile/PrivacyPolicyPackageUMLProfile.png>
Package pdftex.def Info: images/./chapter4/umlProfile/PrivacyPolicyPackageUMLPr
ofile.png  used on input line 91.
(pdftex.def)             Requested size: 63.23608pt x 100.87662pt.

Overfull \hbox (2.26257pt too wide) in paragraph at lines 96--97
\OT1/cmr/m/n/12 the Pri-va-cy-Pol-i-cySource stereo-type is ex-tended only by o
ne stereo-type (PrivPolYaml-
 []

<images/./chapter4/umlProfile/PrivacyPolicyDataSourceUMLProfile.png, id=760, 56
6.115pt x 502.87875pt>
File: images/./chapter4/umlProfile/PrivacyPolicyDataSourceUMLProfile.png Graphi
c file (type png)
<use images/./chapter4/umlProfile/PrivacyPolicyDataSourceUMLProfile.png>
Package pdftex.def Info: images/./chapter4/umlProfile/PrivacyPolicyDataSourceUM
LProfile.png  used on input line 100.
(pdftex.def)             Requested size: 283.05681pt x 251.43875pt.
[44 <./images/./chapter4/umlProfile/PrivacyPolicyPackageUMLProfile.png> <./imag
es/./chapter4/umlProfile/PrivacyPolicyDataSourceUMLProfile.png>] [45]
Overfull \hbox (18.48657pt too wide) in paragraph at lines 140--157
 [][] 
 []

[46]
Overfull \hbox (11.63246pt too wide) in paragraph at lines 171--178
 [][] 
 []

[47] [48]
Package hyperref Info: bookmark level for unknown lstlisting defaults to 0 on i
nput line 219.
 (./chapters/filesAppen/importedLibraries
LaTeX Font Info:    Try loading font information for OML+cmr on input line 2.

(/usr/share/texlive/texmf-dist/tex/latex/base/omlcmr.fd
File: omlcmr.fd 2014/09/29 v2.5h Standard LaTeX font definitions
)
LaTeX Font Info:    Font shape `OML/cmr/m/n' in size <12> not available
(Font)              Font shape `OML/cmm/m/it' tried instead on input line 2.

Overfull \hbox (24.40788pt too wide) in paragraph at lines 7--8
[][][][][][][][][][][][][][][][][] 
 []


Overfull \hbox (3.25792pt too wide) in paragraph at lines 9--10
[][][][][][][][][][][][][][][][][] 
 []


Overfull \hbox (10.3079pt too wide) in paragraph at lines 13--14
[][][][][][][][][][][][][][][][][] 
 []


Overfull \hbox (45.55785pt too wide) in paragraph at lines 15--16
[][][][][][][][][][][][][][][][][] 
 []

)
Overfull \hbox (3.2921pt too wide) in paragraph at lines 238--239
[]\OT1/cmr/m/n/12 The li-brary it.deib.polimi.diaprivacy.library can be found i
n the repos-i-tory []$\OT1/cmtt/m/n/12 https :
 []


Overfull \hbox (12.63388pt too wide) in paragraph at lines 238--239
\OT1/cmtt/m/n/12 / / github . com / MicheleGuerriero / dataflow-[]privacy-[]lib
rary / tree / master / src /
 []


Overfull \hbox (22.65413pt too wide) in paragraph at lines 240--241
\OT1/cmr/m/n/12 repos-i-tory []$\OT1/cmtt/m/n/12 https : / / github . com / Mic
heleGuerriero / common / tree / master / src / main /
 []

[49]

LaTeX Warning: Reference `fig:Yaml Dependency POM File' on page 50 undefined on
 input line 242.


Overfull \hbox (13.2107pt too wide) in paragraph at lines 242--243
\OT1/cmr/m/n/12 file. In or-der to do this, in the POM file gen-er-a-tion Ac-ce
leo file (gen-er-ate-FlinkPom.mtl),
 []

(./chapters/filesAppen/pomModified) (./chapters/filesAppen/privSrc
Overfull \hbox (3.25792pt too wide) in paragraph at lines 14--15
[][][][][][][][][][][][][][][] 
 []


Overfull \hbox (3.25792pt too wide) in paragraph at lines 16--17
[][][][][][][][][][][][][][][] 
 []


Overfull \hbox (24.40788pt too wide) in paragraph at lines 18--19
[][][][][][][][][][][][][][][] 
 []

[50]
Overfull \hbox (10.3079pt too wide) in paragraph at lines 20--21
[][][][][][][][][][][][][][][] 
 []

) (./chapters/filesAppen/privSrcExamples
Overfull \hbox (3.25792pt too wide) in paragraph at lines 3--5
[][][][][][][][][] 
 []


Overfull \hbox (3.25792pt too wide) in paragraph at lines 10--12
[][][][][][][] 
 []

[51]
Overfull \hbox (10.3079pt too wide) in paragraph at lines 19--20
[][][][][][][][][] 
 []

) [52]
<images/./chapter4/codeStructure/StreamDeclaration.png, id=918, 1031.855pt x 55
.20625pt>
File: images/./chapter4/codeStructure/StreamDeclaration.png Graphic file (type 
png)
<use images/./chapter4/codeStructure/StreamDeclaration.png>
Package pdftex.def Info: images/./chapter4/codeStructure/StreamDeclaration.png 
 used on input line 299.
(pdftex.def)             Requested size: 309.55888pt x 16.562pt.
<images/./chapter4/codeStructure/SocketSourcePrivacyVersion.png, id=922, 300.12
125pt x 37.13875pt>
File: images/./chapter4/codeStructure/SocketSourcePrivacyVersion.png Graphic fi
le (type png)
<use images/./chapter4/codeStructure/SocketSourcePrivacyVersion.png>
Package pdftex.def Info: images/./chapter4/codeStructure/SocketSourcePrivacyVer
sion.png  used on input line 316.
(pdftex.def)             Requested size: 150.06026pt x 18.56932pt.
<images/./chapter4/codeStructure/MapTransformationPrivacyVersion.png, id=923, 1
033.8625pt x 87.32625pt>
File: images/./chapter4/codeStructure/MapTransformationPrivacyVersion.png Graph
ic file (type png)
<use images/./chapter4/codeStructure/MapTransformationPrivacyVersion.png>
Package pdftex.def Info: images/./chapter4/codeStructure/MapTransformationPriva
cyVersion.png  used on input line 323.
(pdftex.def)             Requested size: 310.16115pt x 26.19807pt.
<images/./chapter4/codeStructure/TextFileSinkPrivacyVersion.png, id=924, 351.31
25pt x 54.2025pt>
File: images/./chapter4/codeStructure/TextFileSinkPrivacyVersion.png Graphic fi
le (type png)
<use images/./chapter4/codeStructure/TextFileSinkPrivacyVersion.png>
Package pdftex.def Info: images/./chapter4/codeStructure/TextFileSinkPrivacyVer
sion.png  used on input line 330.
(pdftex.def)             Requested size: 175.6558pt x 27.10118pt.
 [53 <./images/./chapter4/codeStructure/StreamDeclaration.png>]
<images/./chapter4/codeStructure/CallingDeclaredStream.png, id=932, 773.89125pt
 x 20.075pt>
File: images/./chapter4/codeStructure/CallingDeclaredStream.png Graphic file (t
ype png)
<use images/./chapter4/codeStructure/CallingDeclaredStream.png>
Package pdftex.def Info: images/./chapter4/codeStructure/CallingDeclaredStream.
png  used on input line 341.
(pdftex.def)             Requested size: 232.16916pt x 6.02254pt.
<images/./chapter4/codeStructure/AddingPrivacyPolicies.png, id=933, 709.65125pt
 x 210.7875pt>
File: images/./chapter4/codeStructure/AddingPrivacyPolicies.png Graphic file (t
ype png)
<use images/./chapter4/codeStructure/AddingPrivacyPolicies.png>
Package pdftex.def Info: images/./chapter4/codeStructure/AddingPrivacyPolicies.
png  used on input line 348.
(pdftex.def)             Requested size: 212.897pt x 63.23672pt.
<images/./chapter4/codeStructure/ApplyingPrivacyPolicies.png, id=934, 1013.7875
pt x 18.0675pt>
File: images/./chapter4/codeStructure/ApplyingPrivacyPolicies.png Graphic file 
(type png)
<use images/./chapter4/codeStructure/ApplyingPrivacyPolicies.png>
Package pdftex.def Info: images/./chapter4/codeStructure/ApplyingPrivacyPolicie
s.png  used on input line 355.
(pdftex.def)             Requested size: 304.1386pt x 5.42029pt.
)
(./chapters/chapter5.tex [54 <./images/./chapter4/codeStructure/SocketSourcePri
vacyVersion.png> <./images/./chapter4/codeStructure/MapTransformationPrivacyVer
sion.png> <./images/./chapter4/codeStructure/TextFileSinkPrivacyVersion.png>]
[55 <./images/./chapter4/codeStructure/CallingDeclaredStream.png> <./images/./c
hapter4/codeStructure/AddingPrivacyPolicies.png> <./images/./chapter4/codeStruc
ture/ApplyingPrivacyPolicies.png>] [56

]
Chapter 5.

Overfull \hbox (1.84033pt too wide) in paragraph at lines 22--23
\OT1/cmr/m/n/12 de-fined tu-ple struc-ture 'trans-ac-tionId,dataSubject,spentAm
ount,purchasedProduct'.
 []

[57]
<images/./chapter4/greatSellerDiagram/greatSellerDataTypes.png, id=957, 1075.01
625pt x 475.7775pt>
File: images/./chapter4/greatSellerDiagram/greatSellerDataTypes.png Graphic fil
e (type png)
<use images/./chapter4/greatSellerDiagram/greatSellerDataTypes.png>
Package pdftex.def Info: images/./chapter4/greatSellerDiagram/greatSellerDataTy
pes.png  used on input line 30.
(pdftex.def)             Requested size: 322.50737pt x 142.73434pt.


LaTeX Warning: `!h' float specifier changed to `!ht'.


LaTeX Warning: `!h' float specifier changed to `!ht'.

[58] [59 <./images/./chapter4/greatSellerDiagram/greatSellerDataTypes.png>]
[60]
<images/./chapter3/greatSellerStreamGen.png, id=975, 1092.08pt x 547.04375pt>
File: images/./chapter3/greatSellerStreamGen.png Graphic file (type png)
<use images/./chapter3/greatSellerStreamGen.png>
Package pdftex.def Info: images/./chapter3/greatSellerStreamGen.png  used on in
put line 152.
(pdftex.def)             Requested size: 327.62653pt x 164.11438pt.
 [61]
Overfull \hbox (40.44313pt too wide) in paragraph at lines 174--191
 [][] 
 []


Overfull \hbox (40.44313pt too wide) in paragraph at lines 199--216
 [][] 
 []


LaTeX Warning: `!h' float specifier changed to `!ht'.

<images/./chapter5/privacyGreatSellerApp.png, id=986, 1087.06125pt x 541.02126p
t>
File: images/./chapter5/privacyGreatSellerApp.png Graphic file (type png)
<use images/./chapter5/privacyGreatSellerApp.png>
Package pdftex.def Info: images/./chapter5/privacyGreatSellerApp.png  used on i
nput line 224.
(pdftex.def)             Requested size: 326.1209pt x 162.30762pt.

Underfull \vbox (badness 1210) has occurred while \output is active []

 [62 <./images/./chapter3/greatSellerStreamGen.png>]
<images/./chapter5/privacyPolicyPackage.png, id=992, 511.9125pt x 208.78pt>
File: images/./chapter5/privacyPolicyPackage.png Graphic file (type png)
<use images/./chapter5/privacyPolicyPackage.png>
Package pdftex.def Info: images/./chapter5/privacyPolicyPackage.png  used on in
put line 237.
(pdftex.def)             Requested size: 153.57494pt x 62.63448pt.
 [63 <./images/./chapter5/privacyGreatSellerApp.png>] [64 <./images/./chapter5/
privacyPolicyPackage.png>] [65]
<images/./chapter5/coolAnalystDataTypes.png, id=1013, 654.445pt x 251.94125pt>
File: images/./chapter5/coolAnalystDataTypes.png Graphic file (type png)
<use images/./chapter5/coolAnalystDataTypes.png>
Package pdftex.def Info: images/./chapter5/coolAnalystDataTypes.png  used on in
put line 276.
(pdftex.def)             Requested size: 196.335pt x 75.58295pt.
<images/./chapter3/room1TempModel.png, id=1018, 462.528pt x 346.896pt>
File: images/./chapter3/room1TempModel.png Graphic file (type png)
<use images/./chapter3/room1TempModel.png>
Package pdftex.def Info: images/./chapter3/room1TempModel.png  used on input li
ne 307.
(pdftex.def)             Requested size: 138.75946pt x 104.0696pt.
<images/./chapter3/room2TempModel.png, id=1019, 462.528pt x 346.896pt>
File: images/./chapter3/room2TempModel.png Graphic file (type png)
<use images/./chapter3/room2TempModel.png>
Package pdftex.def Info: images/./chapter3/room2TempModel.png  used on input li
ne 314.
(pdftex.def)             Requested size: 138.75946pt x 104.0696pt.

[66 <./images/./chapter5/coolAnalystDataTypes.png>]
<images/./chapter5/nMapTransformationStreamGen.png, id=1026, 1098.1025pt x 533.
995pt>
File: images/./chapter5/nMapTransformationStreamGen.png Graphic file (type png)

<use images/./chapter5/nMapTransformationStreamGen.png>
Package pdftex.def Info: images/./chapter5/nMapTransformationStreamGen.png  use
d on input line 327.
(pdftex.def)             Requested size: 329.43329pt x 160.19974pt.
<images/./chapter5/doubleTypes.png, id=1027, 772.8875pt x 62.2325pt>
File: images/./chapter5/doubleTypes.png Graphic file (type png)
<use images/./chapter5/doubleTypes.png>
Package pdftex.def Info: images/./chapter5/doubleTypes.png  used on input line 
334.
(pdftex.def)             Requested size: 231.86803pt x 18.66989pt.
 [67 <./images/./chapter3/room1TempModel.png> <./images/./chapter3/room2TempMod
el.png>]
<images/./chapter3/coolAnalystStreamGen.png, id=1036, 1107.13625pt x 541.02126p
t>
File: images/./chapter3/coolAnalystStreamGen.png Graphic file (type png)
<use images/./chapter3/coolAnalystStreamGen.png>
Package pdftex.def Info: images/./chapter3/coolAnalystStreamGen.png  used on in
put line 349.
(pdftex.def)             Requested size: 332.14343pt x 162.30762pt.
 [68 <./images/./chapter5/nMapTransformationStreamGen.png> <./images/./chapter5
/doubleTypes.png>]
Overfull \hbox (40.44313pt too wide) in paragraph at lines 366--383
 [][] 
 []

<images/./chapter5/coolAnalystPrivacyDIA.png, id=1043, 1111.15125pt x 549.05125
pt>
File: images/./chapter5/coolAnalystPrivacyDIA.png Graphic file (type png)
<use images/./chapter5/coolAnalystPrivacyDIA.png>
Package pdftex.def Info: images/./chapter5/coolAnalystPrivacyDIA.png  used on i
nput line 393.
(pdftex.def)             Requested size: 333.34795pt x 164.71664pt.
[69 <./images/./chapter3/coolAnalystStreamGen.png>]

LaTeX Warning: Reference `c' on page 70 undefined on input line 404.

[70 <./images/./chapter5/coolAnalystPrivacyDIA.png>])
(./chapters/conclusions.tex [71] [72

]
Chapter 6.
) (./chapters/references.tex [73] [74

]
Underfull \hbox (badness 10000) in paragraph at lines 44--46
[]$\OT1/cmtt/m/n/12 https : / / www2 . le . ac . uk / offices / itservices / it
help / services / hpc /
 []

[75]
Underfull \hbox (badness 10000) in paragraph at lines 86--88
[]$\OT1/cmtt/m/n/12 https : / / www . transentis . com / methods-[]techniques /

 []


Overfull \hbox (13.38646pt too wide) in paragraph at lines 90--92
[]$\OT1/cmtt/m/n/12 https : / / www . visual-[]paradigm . com / guide / uml-[]u
nified-[]modeling-[]language /
 []

) [76] [77


] [78] (./chapters/appendix1.tex
Appendix A.
<images/./chapter4/projPapyrus/Selection_001.png, id=1104, 458.46281pt x 377.91
188pt>
File: images/./chapter4/projPapyrus/Selection_001.png Graphic file (type png)
<use images/./chapter4/projPapyrus/Selection_001.png>
Package pdftex.def Info: images/./chapter4/projPapyrus/Selection_001.png  used 
on input line 8.
(pdftex.def)             Requested size: 137.5399pt x 113.37444pt.
<images/./chapter4/projPapyrus/Selection_002.png, id=1106, 496.10344pt x 554.82
281pt>
File: images/./chapter4/projPapyrus/Selection_002.png Graphic file (type png)
<use images/./chapter4/projPapyrus/Selection_002.png>
Package pdftex.def Info: images/./chapter4/projPapyrus/Selection_002.png  used 
on input line 17.
(pdftex.def)             Requested size: 148.83217pt x 166.44812pt.
<images/./chapter4/projPapyrus/Selection_003.png, id=1108, 500.62032pt x 554.07
pt>
File: images/./chapter4/projPapyrus/Selection_003.png Graphic file (type png)
<use images/./chapter4/projPapyrus/Selection_003.png>
Package pdftex.def Info: images/./chapter4/projPapyrus/Selection_003.png  used 
on input line 26.
(pdftex.def)             Requested size: 150.18726pt x 166.22227pt.
<images/./chapter4/projPapyrus/Selection_004.png, id=1110, 694.7556pt x 384.958
2pt>
File: images/./chapter4/projPapyrus/Selection_004.png Graphic file (type png)
<use images/./chapter4/projPapyrus/Selection_004.png>
Package pdftex.def Info: images/./chapter4/projPapyrus/Selection_004.png  used 
on input line 35.
(pdftex.def)             Requested size: 208.42828pt x 115.48834pt.
<images/./chapter4/projPapyrus/Selection_005.png, id=1112, 497.60907pt x 555.57
562pt>
File: images/./chapter4/projPapyrus/Selection_005.png Graphic file (type png)
<use images/./chapter4/projPapyrus/Selection_005.png>
Package pdftex.def Info: images/./chapter4/projPapyrus/Selection_005.png  used 
on input line 44.
(pdftex.def)             Requested size: 149.28386pt x 166.67397pt.
) (./chapters/appendix2.tex [79

 <./images/./chapter4/projPapyrus/Selection_001.png>] [80 <./images/./chapter4/
projPapyrus/Selection_002.png> <./images/./chapter4/projPapyrus/Selection_003.p
ng> <./images/./chapter4/projPapyrus/Selection_004.png>] [81 <./images/./chapte
r4/projPapyrus/Selection_005.png>] [82

]
Appendix B.
(/usr/share/texlive/texmf-dist/tex/latex/listings/lstlang1.sty
File: lstlang1.sty 2015/06/04 1.6 listings language file
)
(./chapters/filesAppen/stockCreator.py
Overfull \hbox (17.3579pt too wide) in paragraph at lines 5--6
[][][][][][][][][][][][][][][][][][][][][][] 
 []


Overfull \hbox (235.90752pt too wide) in paragraph at lines 30--31
[][][][][][][][][][][][][][][][][][][][][][][][][][][][][][][][][][][][][][][][
][][][][][][][][][][][][] 
 []

) [83] (./chapters/filesAppen/tupleCreator.py
Overfull \hbox (109.00774pt too wide) in paragraph at lines 27--28
[][][][][][][][][][][][][][][][][][][] 
 []


Overfull \hbox (94.90776pt too wide) in paragraph at lines 28--29
[][][][][][][][][][][][][][][][][][][] 
 []


Overfull \hbox (45.55785pt too wide) in paragraph at lines 33--35
[][][][][][][][][][][][][][][][][][][][] 
 []

) (./chapters/filesAppen/serverSG.py [84]
Overfull \hbox (10.3079pt too wide) in paragraph at lines 29--30
[][][][][][][][][][][][][][][][][][][][][][][][][][][][][][][] 
 []

) (./chapters/filesAppen/tempRoom1Sin.py
Overfull \hbox (38.50786pt too wide) in paragraph at lines 7--8
[][][][][][][][][][][][][][][][][][][][][][][] 
 []


Overfull \hbox (348.70732pt too wide) in paragraph at lines 12--14
[][][][][][][][][][][][][][][][][][][][][][][][][][][][][][][][][][][][][][][][
] 
 []

[85]
Overfull \hbox (31.45787pt too wide) in paragraph at lines 45--47
[][][][][][][][][][][][][][][][][][][][][][][][][][][][][] 
 []


Overfull \hbox (123.10771pt too wide) in paragraph at lines 57--58
[][][][][][][][][][][][][][][][][][][][][][][][][][][][][][][] 
 []


Underfull \vbox (badness 10000) has occurred while \output is active []

 [86])
(./chapters/filesAppen/tempRoom2Sin.py
Overfull \hbox (38.50786pt too wide) in paragraph at lines 7--8
[][][][][][][][][][][][][][][][][][][][][][][] 
 []


Overfull \hbox (348.70732pt too wide) in paragraph at lines 12--14
[][][][][][][][][][][][][][][][][][][][][][][][][][][][][][][][][][][][][][][][
] 
 []

[87]
Overfull \hbox (31.45787pt too wide) in paragraph at lines 45--47
[][][][][][][][][][][][][][][][][][][][][][][][][][][][][] 
 []


Overfull \hbox (123.10771pt too wide) in paragraph at lines 58--59
[][][][][][][][][][][][][][][][][][][][][][][][][][][][][][][] 
 []

) (./chapters/filesAppen/room1.py [88]
Overfull \hbox (24.40788pt too wide) in paragraph at lines 14--15
[][][][][][][][][][][][][][][][][][][][][][][][] 
 []

) (./chapters/filesAppen/room2.py [89]
Overfull \hbox (24.40788pt too wide) in paragraph at lines 14--15
[][][][][][][][][][][][][][][][][][][][][][][][] 
 []

)) (./chapters/appendix3.tex [90]
Appendix C.
<images/./chapter4/javaCodesGeneration/Selection_001.png, id=1521, 472.01344pt 
x 557.08125pt>
File: images/./chapter4/javaCodesGeneration/Selection_001.png Graphic file (typ
e png)
<use images/./chapter4/javaCodesGeneration/Selection_001.png>
Package pdftex.def Info: images/./chapter4/javaCodesGeneration/Selection_001.pn
g  used on input line 8.
(pdftex.def)             Requested size: 141.60512pt x 167.12566pt.
<images/./chapter4/javaCodesGeneration/Selection_002.png, id=1524, 597.23125pt 
x 400.49625pt>
File: images/./chapter4/javaCodesGeneration/Selection_002.png Graphic file (typ
e png)
<use images/./chapter4/javaCodesGeneration/Selection_002.png>
Package pdftex.def Info: images/./chapter4/javaCodesGeneration/Selection_002.pn
g  used on input line 17.
(pdftex.def)             Requested size: 179.17075pt x 120.1498pt.
<images/./chapter4/javaCodesGeneration/Selection_003.png, id=1525, 597.23125pt 
x 396.48125pt>
File: images/./chapter4/javaCodesGeneration/Selection_003.png Graphic file (typ
e png)
<use images/./chapter4/javaCodesGeneration/Selection_003.png>
Package pdftex.def Info: images/./chapter4/javaCodesGeneration/Selection_003.pn
g  used on input line 24.
(pdftex.def)             Requested size: 179.17075pt x 118.94528pt.
<images/./chapter4/javaCodesGeneration/Selection_004.png, id=1527, 602.25pt x 4
35.12563pt>
File: images/./chapter4/javaCodesGeneration/Selection_004.png Graphic file (typ
e png)
<use images/./chapter4/javaCodesGeneration/Selection_004.png>
Package pdftex.def Info: images/./chapter4/javaCodesGeneration/Selection_004.pn
g  used on input line 33.
(pdftex.def)             Requested size: 180.67639pt x 130.53868pt.
<images/./chapter4/javaCodesGeneration/Selection_005.png, id=1530, 347.79938pt 
x 402.00188pt>
File: images/./chapter4/javaCodesGeneration/Selection_005.png Graphic file (typ
e png)
<use images/./chapter4/javaCodesGeneration/Selection_005.png>
Package pdftex.def Info: images/./chapter4/javaCodesGeneration/Selection_005.pn
g  used on input line 42.
(pdftex.def)             Requested size: 104.3406pt x 120.60149pt.
<images/./chapter4/javaCodesGeneration/Selection_006.png, id=1531, 603.0028pt x
 435.87843pt>
File: images/./chapter4/javaCodesGeneration/Selection_006.png Graphic file (typ
e png)
<use images/./chapter4/javaCodesGeneration/Selection_006.png>
Package pdftex.def Info: images/./chapter4/javaCodesGeneration/Selection_006.pn
g  used on input line 49.
(pdftex.def)             Requested size: 180.90224pt x 130.76453pt.
[91

 <./images/./chapter4/javaCodesGeneration/Selection_001.png>] [92 <./images/./c
hapter4/javaCodesGeneration/Selection_002.png> <./images/./chapter4/javaCodesGe
neration/Selection_003.png> <./images/./chapter4/javaCodesGeneration/Selection_
004.png> <./images/./chapter4/javaCodesGeneration/Selection_005.png>]
<images/./chapter4/javaCodesGeneration/Selection_007.png, id=1547, 596.2275pt x
 395.4775pt>
File: images/./chapter4/javaCodesGeneration/Selection_007.png Graphic file (typ
e png)
<use images/./chapter4/javaCodesGeneration/Selection_007.png>
Package pdftex.def Info: images/./chapter4/javaCodesGeneration/Selection_007.pn
g  used on input line 58.
(pdftex.def)             Requested size: 178.86963pt x 118.64417pt.
<images/./chapter4/javaCodesGeneration/Selection_008.png, id=1548, 456.95718pt 
x 400.49625pt>
File: images/./chapter4/javaCodesGeneration/Selection_008.png Graphic file (typ
e png)
<use images/./chapter4/javaCodesGeneration/Selection_008.png>
Package pdftex.def Info: images/./chapter4/javaCodesGeneration/Selection_008.pn
g  used on input line 65.
(pdftex.def)             Requested size: 137.0882pt x 120.1498pt.
<images/./chapter4/javaCodesGeneration/Selection_009.png, id=1549, 621.32124pt 
x 413.545pt>
File: images/./chapter4/javaCodesGeneration/Selection_009.png Graphic file (typ
e png)
<use images/./chapter4/javaCodesGeneration/Selection_009.png>
Package pdftex.def Info: images/./chapter4/javaCodesGeneration/Selection_009.pn
g  used on input line 72.
(pdftex.def)             Requested size: 186.39781pt x 124.06445pt.
<images/./chapter4/javaCodesGeneration/Selection_010.png, id=1551, 764.10469pt 
x 484.05844pt>
File: images/./chapter4/javaCodesGeneration/Selection_010.png Graphic file (typ
e png)
<use images/./chapter4/javaCodesGeneration/Selection_010.png>
Package pdftex.def Info: images/./chapter4/javaCodesGeneration/Selection_010.pn
g  used on input line 81.
(pdftex.def)             Requested size: 229.23317pt x 145.21864pt.
)
Package atveryend Info: Empty hook `BeforeClearDocument' on input line 106.

[93 <./images/./chapter4/javaCodesGeneration/Selection_006.png> <./images/./cha
pter4/javaCodesGeneration/Selection_007.png> <./images/./chapter4/javaCodesGene
ration/Selection_008.png>] [94 <./images/./chapter4/javaCodesGeneration/Selecti
on_009.png> <./images/./chapter4/javaCodesGeneration/Selection_010.png>]
Package atveryend Info: Empty hook `AfterLastShipout' on input line 106.

(./main.aux)
Package atveryend Info: Executing hook `AtVeryEndDocument' on input line 106.
Package atveryend Info: Executing hook `AtEndAfterFileList' on input line 106.
Package rerunfilecheck Info: File `main.out' has not changed.
(rerunfilecheck)             Checksum: 6E51FE294E2C842D53DC2A19332CA80B;4709.


LaTeX Warning: There were undefined references.


LaTeX Warning: Label(s) may have changed. Rerun to get cross-references right.

Package atveryend Info: Empty hook `AtVeryVeryEnd' on input line 106.
 ) 
Here is how much of TeX's memory you used:
 9143 strings out of 492982
 137513 string characters out of 6134897
 255117 words of memory out of 5000000
 11792 multiletter control sequences out of 15000+600000
 10399 words of font info for 37 fonts, out of 8000000 for 9000
 1141 hyphenation exceptions out of 8191
 34i,11n,43p,2126b,1891s stack positions out of 5000i,500n,10000p,200000b,80000s
</usr/share/texlive/texmf-dist/fonts/type1/public/amsfonts/cm/cmbx12.pfb></us
r/share/texlive/texmf-dist/fonts/type1/public/amsfonts/cm/cmmi12.pfb></usr/shar
e/texlive/texmf-dist/fonts/type1/public/amsfonts/cm/cmr12.pfb></usr/share/texli
ve/texmf-dist/fonts/type1/public/amsfonts/cm/cmr17.pfb></usr/share/texlive/texm
f-dist/fonts/type1/public/amsfonts/cm/cmr8.pfb></usr/share/texlive/texmf-dist/f
onts/type1/public/amsfonts/cm/cmsl12.pfb></usr/share/texlive/texmf-dist/fonts/t
ype1/public/amsfonts/cm/cmsy10.pfb></usr/share/texlive/texmf-dist/fonts/type1/p
ublic/amsfonts/cm/cmti12.pfb></usr/share/texlive/texmf-dist/fonts/type1/public/
amsfonts/cm/cmtt12.pfb></usr/share/texlive/texmf-dist/fonts/type1/public/eurosy
m/feymr10.pfb>
Output written on main.pdf (94 pages, 1953972 bytes).
PDF statistics:
 1749 PDF objects out of 2073 (max. 8388607)
 1563 compressed objects within 16 object streams
 718 named destinations out of 1000 (max. 500000)
 715 words of extra memory for PDF output out of 10000 (max. 10000000)

